<?xml version="1.0" encoding="UTF-8"?>
<!-- Generated by org.testng.reporters.JUnitReportReporter -->
<testsuite skipped="0" hostname="unknown" name="com.meded.qa.Test_cases.LoginPage_Test" tests="1" failures="0" timestamp="2020-08-26T19:46:32 IST" time="27.984" errors="0">
  <testcase name="rememberMe_functionality" time="27.984" classname="com.meded.qa.Test_cases.LoginPage_Test"/>
</testsuite> <!-- com.meded.qa.Test_cases.LoginPage_Test -->
